{"querydate": ["2020-12-12"],"Execution time":50.951731920242,"Element":"qpf06","Months":"'201901', '201902', '201903', '201904', '201905', '201906', '201907', '201908', '201909', '201910', '201911', '201912', '202001', '202002', '202003', '202004', '202005', '202006', '202007', '202008', '202009', '202010', '202011', '202012', '202101', '202102'","Models":["blend","blendx","gmos","ndfd","urma"],"locations":["hfo","conus","conus","conus","conus"],"veriftype":"issue","activeTab":"dailyCharts","stats":["MAE","ME"],"aggregate":"true"}
{"querydate": ["2020-12-12"],"Execution time":50.951731920242,"Element":"qpf06","Months":"'202101'","Models":["blend","blendx","gmos","ndfd","urma"],"locations":["hfo","conus","conus","conus","conus"],"veriftype":"issue","activeTab":"dailyCharts","stats":["MAE","ME"],"aggregate":"true"}
{"querydate": ["2020-12-12"],"Execution time":50.951731920242,"Element":"qpf06","Months":"'202101'","Models":["blend","blendx","gmos","ndfd","urma"],"locations":["hfo","conus","conus","conus","conus"],"veriftype":"issue","activeTab":"dailyCharts","stats":["MAE","ME"],"aggregate":"true"}
{"querydate": ["2020-12-13"],"Execution time":2.6206729412079,"Element":"mx","Months":"'202012'","Models":["blend","blendx","gmos","ndfd","urma"],"locations":["conus","conus","conus","conus","conus"],"veriftype":"issue","activeTab":"dailyCharts","stats":["MAE"],"aggregate":"true"}
{"querydate": ["2020-12-14"],"Execution time":11.954708814621,"Element":"mx","Months":"'202012'","Models":["blend","blendx","gmos","ndfd","wpc"],"locations":["conus","conus","conus","conus","conus"],"veriftype":"issue","activeTab":"dailyCharts","stats":["MAE"],"aggregate":"true"}
{"querydate": ["2020-12-14"],"Execution time":4.5289061069489,"Element":"mx","Months":"'202012'","Models":["blend","blendx","gmos","ndfd","urma"],"locations":["conus","conus","conus","conus","conus"],"veriftype":"issue","activeTab":"dailyCharts","stats":["MAE","ME"],"aggregate":"true"}
{"querydate": ["2020-12-16"],"Execution time":36.256436109543,"Element":"mx","Months":"'202012'","Models":["blend","ndfd"],"locations":["wfos","wfos"],"veriftype":"issue","activeTab":"monthlyPoint","stats":["MAE","ME"],"aggregate":"true"}
{"querydate": ["2020-12-16"],"Execution time":38.729136943817,"Element":"cl","Months":"'202012'","Models":["blend","ndfd"],"locations":["wfos","wfos"],"veriftype":"issue","activeTab":"monthlyGrid","stats":["CSI"],"aggregate":"true"}
{"querydate": ["2020-12-16"],"Execution time":1.6242680549622,"Element":"cl","Months":"'202012'","Models":["blend","blendx","gmos","ndfd","blend"],"locations":["conus","conus","conus","conus","conus"],"veriftype":"issue","activeTab":"dailyTables","stats":["CSI"],"aggregate":"true"}
{"querydate": ["2020-12-16"],"Execution time":3.7866661548615,"Element":"mx","Months":"'202012'","Models":["blend","blendx","gmos","ndfd","urma"],"locations":["conus","conus","conus","conus","conus"],"veriftype":"issue","activeTab":"dailyCharts","stats":["MAE"],"aggregate":"true"}
{"querydate": ["2020-12-16"],"Execution time":1.8446011543274,"Element":"mx","Months":"'202012'","Models":["blend","blendx","gmos","ndfd","urma"],"locations":["conus","conus","conus","conus","conus"],"veriftype":"issue","activeTab":"dailyCharts","stats":["MAE"],"aggregate":"true"}
{"querydate": ["2020-12-18"],"Execution time":1.3175060749054,"Element":"mx","Months":"'202012'","Models":["blend","blendx","gmos","ndfd","urma"],"locations":["conus","conus","conus","conus","conus"],"veriftype":"issue","activeTab":"dailyCharts","stats":["MAE"],"aggregate":"true"}
{"querydate": ["2020-12-18"],"Execution time":4.5241029262543,"Element":"mx","Months":"'202011'","Models":["blend","blendx","gmos","ndfd","urma"],"locations":["conus","conus","conus","conus","conus"],"veriftype":"issue","activeTab":"dailyCharts","stats":["MAE"],"aggregate":"true"}
{"querydate": ["2020-12-18"],"Execution time":3.6169211864471,"Element":"dp","Months":"'202011'","Models":["blend","blendx","gmos","ndfd","urma"],"locations":["conus","conus","conus","conus","conus"],"veriftype":"issue","activeTab":"dailyCharts","stats":["MAE"],"aggregate":"true"}
{"querydate": ["2020-12-19"],"Execution time":24.149619817734,"Element":"dp","Months":"'202011'","Models":["blend","blendx","gmos","ndfd","urma"],"locations":["conus","conus","conus","conus","conus"],"veriftype":"issue","activeTab":"dailyCharts","stats":["MAE"],"aggregate":"true"}
{"querydate": ["2020-12-22"],"Execution time":116.09735298157,"Element":"dp","Months":"'202011'","Models":["blend","blendx","gmos","ndfd","urma"],"locations":["conus","conus","conus","conus","conus"],"veriftype":"issue","activeTab":"dailyCharts","stats":["MAE"],"aggregate":"true"}
{"querydate": ["2020-12-27"],"Execution time":8.3523590564728,"Element":"dp","Months":"'202008'","Models":["blend","blendx","gmos","ndfd","urma"],"locations":["conus","conus","conus","conus","conus"],"veriftype":"issue","activeTab":"dailyCharts","stats":["MAE"],"aggregate":"true"}
{"querydate": ["2020-12-27"],"Execution time":6.0796930789948,"Element":"cg","Months":"'202012'","Models":["blend","blendx","glmp","ndfd","blend"],"locations":["conus","conus","conus","conus","conus"],"veriftype":"issue","activeTab":"dailyCharts","stats":["CSI"],"aggregate":"true"}
{"querydate": ["2020-12-29"],"Execution time":5.2347559928894,"Element":"cg","Months":"'202011'","Models":["blend","blendx","glmp","ndfd","blend"],"locations":["conus","conus","conus","conus","conus"],"veriftype":"issue","activeTab":"dailyCharts","stats":["CSI"],"aggregate":"true"}
{"querydate": ["2020-12-30"],"Execution time":9.2404880523682,"Element":"ws","Months":"'202011'","Models":["blend","blendx","gmos","ndfd","urma"],"locations":["conus","conus","conus","conus","conus"],"veriftype":"issue","activeTab":"dailyCharts","stats":["MAE"],"aggregate":"true"}
{"querydate": ["2020-12-31"],"Execution time":8.6765110492706,"Element":"dp","Months":"'202008'","Models":["blend","blendx","gmos","ndfd","urma"],"locations":["conus","conus","conus","conus","conus"],"veriftype":"issue","activeTab":"dailyCharts","stats":["MAE"],"aggregate":"true"}
{"querydate": ["2021-01-01"],"Execution time":11.707618951797,"Element":"dp","Months":"'202009'","Models":["blend","blendx","gmos","ndfd","urma"],"locations":["conus","conus","conus","conus","conus"],"veriftype":"issue","activeTab":"dailyCharts","stats":["MAE"],"aggregate":"true"}
{"querydate": ["2021-01-01"],"Execution time":8.9863631725311,"Element":"ws","Months":"'202009'","Models":["blend","blendx","gmos","ndfd","urma"],"locations":["conus","conus","conus","conus","conus"],"veriftype":"issue","activeTab":"dailyCharts","stats":["MAE"],"aggregate":"true"}
{"querydate": ["2021-01-01"],"Execution time":74.069977045059,"Element":"cl","Months":"'202012'","Models":["blend","blendx","gmos","ndfd","blend"],"locations":["conus","conus","conus","conus","conus"],"veriftype":"issue","activeTab":"dailyCharts","stats":["POD","FAR","CSI"],"aggregate":"true"}
{"querydate": ["2021-01-02"],"Execution time":1.0789320468903,"Element":"mx","Months":"'202009'","Models":["urma","ndfd"],"locations":["conus","conus"],"veriftype":"issue","activeTab":"monthlyPoint","stats":["MAE"],"aggregate":"true"}
{"querydate": ["2021-01-03"],"Execution time":44.243252038956,"Element":"mx","Months":"'202012'","Models":["blend","blendx","gmos","ndfd","urma"],"locations":["conus","conus","conus","conus","conus"],"veriftype":"issue","activeTab":"dailyCharts","stats":["MAE","ME"],"aggregate":"true"}
{"querydate": ["2021-02-01"],"Execution time":178.46629691124,"Element":"mx","Months":"'202006', '202007', '202008', '202009', '202010', '202011', '202012'","Models":["blend","blendx","gmos","ndfd","urma"],"locations":["conus","conus","conus","conus","conus"],"veriftype":"issue","activeTab":"dailyCharts","stats":["MAE"],"aggregate":"true"}
{"querydate": ["2021-02-02"],"Execution time":1.2025699615479,"Element":"mx","Months":"'202003', '202004', '202005', '202006', '202007', '202008'","Models":["blend"],"locations":["conus"],"veriftype":"issue","activeTab":"dailyCharts","stats":["MAE","ME"],"aggregate":"true"}
{"querydate": ["2021-02-06"],"Execution time":5.1810390949249,"Element":"mx","Months":"'202007', '202008', '202009'","Models":["blend","blendx","gmos","ndfd","urma"],"locations":["conus","conus","conus","conus","conus"],"veriftype":"issue","activeTab":"dailyCharts","stats":["MAE","ME"],"aggregate":"true"}
{"querydate": ["2021-02-07"],"Execution time":0.73084306716919,"Element":"mx","Months":"'202007', '202008', '202009'","Models":["blend","blendx","gmos","ndfd","gmos"],"locations":["conus","conus","conus","conus","conus"],"veriftype":"issue","activeTab":"dailyCharts","stats":["MAE","ME"],"aggregate":"true"}
{"querydate": ["2021-02-10"],"Execution time":0.75001215934753,"Element":"mx","Months":"'202007', '202008', '202009'","Models":["blend","blendx","gmos","ndfd","gmos"],"locations":["conus","conus","conus","conus","conus"],"veriftype":"issue","activeTab":"dailyCharts","stats":["MAE","ME"],"aggregate":"true"}
{"querydate": ["2021-02-11"],"Execution time":1.7363700866699,"Element":"mx","Months":"'202101'","Models":["blend","blendx","gmos","ndfd","urma"],"locations":["conus","conus","conus","conus","conus"],"veriftype":"issue","activeTab":"dailyCharts","stats":["MAE","ME"],"aggregate":"true"}
{"querydate": ["2021-02-15"],"Execution time":0.73655796051025,"Element":"mx","Months":"'202101'","Models":["blend","blendx","gmos","ndfd","urma"],"locations":["conus","conus","conus","conus","conus"],"veriftype":"issue","activeTab":"dailyCharts","stats":["MAE","ME"],"aggregate":"true"}
{"querydate": ["2021-02-16"],"Execution time":0.51485395431519,"Element":"mx","Months":"'202101'","Models":["blend"],"locations":["conus"],"veriftype":"issue","activeTab":"dailyCharts","stats":["MAE","ME"],"aggregate":"true"}
{"querydate": ["2021-02-19"],"Execution time":1.0077340602875,"Element":"mx","Months":"'202101'","Models":["blend"],"locations":["conus"],"veriftype":"issue","activeTab":"dailyCharts","stats":["MAE","ME"],"aggregate":"true"}
{"querydate": ["2021-03-02"],"Execution time":3.1304919719696,"Element":"mx","Months":"'202012'","Models":["blend","blendx","gmos","ndfd","urma"],"locations":["conus","conus","conus","conus","conus"],"veriftype":"issue","activeTab":"dailyCharts","stats":["MAE"],"aggregate":"true"}
{"querydate": ["2021-03-06"],"Execution time":1.7677800655365,"Element":"mx","Months":"'202012'","Models":["blend","blendx","gmos","ndfd","urma"],"locations":["conus","conus","conus","conus","conus"],"veriftype":"issue","activeTab":"dailyCharts","stats":["MAE"],"aggregate":"true"}
{"querydate": ["2021-03-07"],"Execution time":58.623296022415,"Element":"qpf06","Months":"'202012'","Models":["blend","blendx","gmos","ndfd","urma"],"locations":["conus","conus","conus","conus","conus"],"veriftype":"issue","activeTab":"dailyCharts","stats":["MAE","ME"],"aggregate":"true"}
{"querydate": ["2021-03-08"],"Execution time":1.6756179332733,"Element":"mx","Months":"'202101'","Models":["blend","blendx","gmos","ndfd","urma"],"locations":["conus","conus","conus","conus","conus"],"veriftype":"issue","activeTab":"dailyCharts","stats":["MAE","ME"],"aggregate":"true"}
{"querydate": ["2021-03-09"],"Execution time":0.80008506774902,"Element":"mx","Months":"'202101'","Models":["blend","blendx","gmos","ndfd","urma"],"locations":["conus","conus","conus","conus","conus"],"veriftype":"issue","activeTab":"dailyCharts","stats":["MAE","ME"],"aggregate":"true"}
{"querydate": ["2021-03-10"],"Execution time":1.7059118747711,"Element":"mx","Months":"'202101'","Models":["blend","blendx","gmos","ndfd","urma"],"locations":["conus","conus","conus","conus","conus"],"veriftype":"issue","activeTab":"dailyCharts","stats":["MAE","ME"],"aggregate":"true"}
{"querydate": ["2021-03-12"],"Execution time":1.4730229377747,"Element":"mx","Months":"'202101'","Models":["blend","blendx","gmos","ndfd","urma"],"locations":["conus","conus","conus","conus","conus"],"veriftype":"issue","activeTab":"dailyCharts","stats":["MAE","ME"],"aggregate":"true"}
{"querydate": ["2021-03-12"],"Execution time":0.78297591209412,"Element":"mx","Months":"'202101'","Models":["blend","blendx","gmos","ndfd","urma"],"locations":["conus","conus","conus","conus","conus"],"veriftype":"issue","activeTab":"dailyCharts","stats":["MAE","ME"],"aggregate":"true"}
{"querydate": ["2021-03-12"],"Execution time":1.4521450996399,"Element":"mx","Months":"'202101'","Models":["blend","blendx","gmos","ndfd","urma"],"locations":["conus","conus","conus","conus","conus"],"veriftype":"issue","activeTab":"dailyCharts","stats":["MAE","ME"],"aggregate":"true"}
{"querydate": ["2021-03-12"],"Execution time":0.90140414237976,"Element":"mx","Months":"'202101'","Models":["blend","blendx","gmos","ndfd","urma"],"locations":["conus","conus","conus","conus","conus"],"veriftype":"issue","activeTab":"dailyCharts","stats":["MAE","ME"],"aggregate":"true"}
{"querydate": ["2021-03-12"],"Execution time":49.130080938339,"Element":"mx","Months":"'202101'","Models":["blend","blendx","gmos","ndfd","urma"],"locations":["ak","conus","conus","conus","conus"],"veriftype":"issue","activeTab":"dailyCharts","stats":["MAE","ME"],"aggregate":"true"}
{"querydate": ["2021-03-12"],"Execution time":4.2444360256195,"Element":"mx","Months":"'202003', '202004', '202005', '202006', '202007', '202008'","Models":["blend"],"locations":["ak"],"veriftype":"issue","activeTab":"dailyCharts","stats":["MAE","ME"],"aggregate":"true"}
{"querydate": ["2021-03-12"],"Execution time":1.4056420326233,"Element":"mx","Months":"'202003', '202004', '202005', '202006', '202007', '202008'","Models":["blend"],"locations":["hfo"],"veriftype":"issue","activeTab":"dailyCharts","stats":["MAE","ME"],"aggregate":"true"}
{"querydate": ["2021-03-12"],"Execution time":1.7570199966431,"Element":"mx","Months":"'202003', '202004', '202005', '202006', '202007', '202008'","Models":["blend"],"locations":["sju"],"veriftype":"issue","activeTab":"dailyCharts","stats":["MAE","ME"],"aggregate":"true"}
{"querydate": ["2021-03-21"],"Execution time":0.58327794075012,"Element":"mx","Months":"'202101'","Models":["blendx"],"locations":["conus"],"veriftype":"issue","activeTab":"dailyCharts","stats":["MAE","ME"],"aggregate":"true"}
{"querydate": ["2021-03-21"],"Execution time":0.51701903343201,"Element":"mx","Months":"'202101'","Models":["blend"],"locations":["conus"],"veriftype":"issue","activeTab":"dailyCharts","stats":["MAE","ME"],"aggregate":"true"}
{"querydate": ["2021-03-22"],"Execution time":2.4823930263519,"Element":"dp","Months":"'202009', '202010'","Models":["blend"],"locations":["conus"],"veriftype":"issue","activeTab":"dailyCharts","stats":["MAE","ME"],"aggregate":"true"}
{"querydate": ["2021-03-22"],"Execution time":1.7134740352631,"Element":"dp","Months":"'202009', '202010'","Models":["blend"],"locations":["ak"],"veriftype":"issue","activeTab":"dailyCharts","stats":["MAE","ME"],"aggregate":"true"}
{"querydate": ["2021-03-23"],"Execution time":1.2755241394043,"Element":"dp","Months":"'202009', '202010'","Models":["blend"],"locations":["ak"],"veriftype":"issue","activeTab":"dailyCharts","stats":["MAE","ME"],"aggregate":"true"}
{"querydate": ["2021-03-26"],"Execution time":0.99943208694458,"Element":"dp","Months":"'202007', '202008'","Models":["blend"],"locations":["ak"],"veriftype":"issue","activeTab":"dailyCharts","stats":["MAE","ME"],"aggregate":"true"}
{"querydate": ["2021-03-26"],"Execution time":1.7996399402618,"Element":"dp","Months":"'201912'","Models":["blend"],"locations":["ak"],"veriftype":"issue","activeTab":"dailyCharts","stats":["MAE","ME"],"aggregate":"true"}
{"querydate": ["2021-03-29"],"Execution time":1.0367569923401,"Element":"dp","Months":"'201912'","Models":["blendx"],"locations":["ak"],"veriftype":"issue","activeTab":"dailyCharts","stats":["MAE","ME"],"aggregate":"true"}
{"querydate": ["2021-03-29"],"Execution time":1.3446390628815,"Element":"dp","Months":"'202010', '202011'","Models":["blendx"],"locations":["ak"],"veriftype":"issue","activeTab":"dailyCharts","stats":["MAE","ME"],"aggregate":"true"}
{"querydate": ["2021-04-04"],"Execution time":0.94154596328735,"Element":"dp","Months":"'202010', '202011'","Models":["blendx"],"locations":["ak"],"veriftype":"issue","activeTab":"dailyCharts","stats":["MAE","ME"],"aggregate":"true"}
{"querydate": ["2021-04-05"],"Execution time":2.6509819030762,"Element":"dp","Months":"'202007', '202008'","Models":["blendx"],"locations":["ak"],"veriftype":"issue","activeTab":"dailyCharts","stats":["MAE","ME"],"aggregate":"true"}
{"querydate": ["2021-04-06"],"Execution time":1.9570240974426,"Element":"dp","Months":"'202007', '202008'","Models":["blendx"],"locations":["ak"],"veriftype":"issue","activeTab":"dailyCharts","stats":["MAE","ME"],"aggregate":"true"}
{"querydate": ["2021-04-07"],"Execution time":0.94154596328735,"Element":"dp","Months":"'202010', '202011'","Models":["blendx"],"locations":["ak"],"veriftype":"issue","activeTab":"dailyCharts","stats":["MAE","ME"],"aggregate":"true"}
{"querydate": ["2021-04-08"],"Execution time":2.6509819030762,"Element":"dp","Months":"'202007', '202008'","Models":["blendx"],"locations":["ak"],"veriftype":"issue","activeTab":"dailyCharts","stats":["MAE","ME"],"aggregate":"true"}
{"querydate": ["2021-04-08"],"Execution time":1.9570240974426,"Element":"dp","Months":"'202007', '202008'","Models":["blendx"],"locations":["ak"],"veriftype":"issue","activeTab":"dailyCharts","stats":["MAE","ME"],"aggregate":"true"}
{"querydate": ["2021-04-08"],"Execution time":1.0020430088043,"Element":"dp","Months":"'202007', '202008'","Models":["blendx"],"locations":["ak"],"veriftype":"issue","activeTab":"dailyCharts","stats":["MAE","ME"],"aggregate":"true"}
{"querydate": ["2021-04-08"],"Execution time":1.0020430088043,"Element":"dp","Months":"'202007', '202008'","Models":["blendx"],"locations":["ak"],"veriftype":"issue","activeTab":"dailyCharts","stats":["MAE","ME"],"aggregate":"true"}